Starting simulations for n0 = 10 on Tue Dec  2 16:58:25 PST 2003
Done with simulations for 10 on Tue Dec  2 16:59:40 PST 2003

Starting simulations for n0 = 12 on Tue Dec  2 16:59:40 PST 2003
Done with simulations for 12 on Tue Dec  2 17:01:08 PST 2003

Starting simulations for n0 = 14 on Tue Dec  2 17:01:08 PST 2003
Done with simulations for 14 on Tue Dec  2 17:02:47 PST 2003

Starting simulations for n0 = 16 on Tue Dec  2 17:02:47 PST 2003
Done with simulations for 16 on Tue Dec  2 17:04:39 PST 2003

Starting simulations for n0 = 18 on Tue Dec  2 17:04:39 PST 2003
Done with simulations for 18 on Tue Dec  2 17:06:44 PST 2003

Starting simulations for n0 = 20 on Tue Dec  2 17:06:44 PST 2003
Done with simulations for 20 on Tue Dec  2 17:09:02 PST 2003

Starting simulations for n0 = 22 on Tue Dec  2 17:09:02 PST 2003
Done with simulations for 22 on Tue Dec  2 17:11:32 PST 2003

Starting simulations for n0 = 24 on Tue Dec  2 17:11:32 PST 2003
Done with simulations for 24 on Tue Dec  2 17:14:16 PST 2003

Starting simulations for n0 = 26 on Tue Dec  2 17:14:16 PST 2003
Done with simulations for 26 on Tue Dec  2 17:17:13 PST 2003

Starting simulations for n0 = 28 on Tue Dec  2 17:17:13 PST 2003
Done with simulations for 28 on Tue Dec  2 17:20:23 PST 2003

Starting simulations for n0 = 30 on Tue Dec  2 17:20:23 PST 2003
Done with simulations for 30 on Tue Dec  2 17:23:45 PST 2003

Starting simulations for n0 = 32 on Tue Dec  2 17:23:45 PST 2003
Done with simulations for 32 on Tue Dec  2 17:27:19 PST 2003

Starting simulations for n0 = 34 on Tue Dec  2 17:27:19 PST 2003
Done with simulations for 34 on Tue Dec  2 17:31:06 PST 2003

Starting simulations for n0 = 36 on Tue Dec  2 17:31:06 PST 2003
Done with simulations for 36 on Tue Dec  2 17:35:07 PST 2003

Starting simulations for n0 = 38 on Tue Dec  2 17:35:07 PST 2003
Done with simulations for 38 on Tue Dec  2 17:39:19 PST 2003

Starting simulations for n0 = 40 on Tue Dec  2 17:39:19 PST 2003
Done with simulations for 40 on Tue Dec  2 17:43:44 PST 2003

Starting simulations for n0 = 42 on Tue Dec  2 17:43:44 PST 2003
Done with simulations for 42 on Tue Dec  2 17:48:21 PST 2003

Starting simulations for n0 = 44 on Tue Dec  2 17:48:21 PST 2003
Done with simulations for 44 on Tue Dec  2 17:53:12 PST 2003

Starting simulations for n0 = 46 on Tue Dec  2 17:53:12 PST 2003
Done with simulations for 46 on Tue Dec  2 17:58:14 PST 2003

Starting simulations for n0 = 48 on Tue Dec  2 17:58:14 PST 2003
Done with simulations for 48 on Tue Dec  2 18:04:13 PST 2003

Starting simulations for n0 = 50 on Tue Dec  2 18:04:13 PST 2003
Done with simulations for 50 on Tue Dec  2 18:10:29 PST 2003

Starting simulations for n0 = 52 on Tue Dec  2 18:10:29 PST 2003
Done with simulations for 52 on Tue Dec  2 18:17:00 PST 2003

Starting simulations for n0 = 54 on Tue Dec  2 18:17:00 PST 2003
Done with simulations for 54 on Tue Dec  2 18:23:38 PST 2003

Starting simulations for n0 = 56 on Tue Dec  2 18:23:38 PST 2003
Done with simulations for 56 on Tue Dec  2 18:29:48 PST 2003

Starting simulations for n0 = 58 on Tue Dec  2 18:29:48 PST 2003
Done with simulations for 58 on Tue Dec  2 18:37:29 PST 2003

Starting simulations for n0 = 60 on Tue Dec  2 18:37:29 PST 2003
Done with simulations for 60 on Tue Dec  2 18:45:34 PST 2003

Starting simulations for n0 = 62 on Tue Dec  2 18:45:34 PST 2003
Done with simulations for 62 on Tue Dec  2 18:52:36 PST 2003

Starting simulations for n0 = 64 on Tue Dec  2 18:52:36 PST 2003
Done with simulations for 64 on Tue Dec  2 19:00:51 PST 2003

Starting simulations for n0 = 66 on Tue Dec  2 19:00:51 PST 2003
Done with simulations for 66 on Tue Dec  2 19:08:58 PST 2003

Starting simulations for n0 = 68 on Tue Dec  2 19:08:58 PST 2003
Done with simulations for 68 on Tue Dec  2 19:17:59 PST 2003

Starting simulations for n0 = 70 on Tue Dec  2 19:17:59 PST 2003
Done with simulations for 70 on Tue Dec  2 19:26:58 PST 2003

Starting simulations for n0 = 72 on Tue Dec  2 19:27:04 PST 2003
Done with simulations for 72 on Tue Dec  2 19:37:05 PST 2003

Starting simulations for n0 = 74 on Tue Dec  2 19:37:11 PST 2003
Done with simulations for 74 on Tue Dec  2 19:47:26 PST 2003

Starting simulations for n0 = 76 on Tue Dec  2 19:47:32 PST 2003
Done with simulations for 76 on Tue Dec  2 19:57:21 PST 2003

Starting simulations for n0 = 78 on Tue Dec  2 19:57:27 PST 2003
Done with simulations for 78 on Tue Dec  2 20:08:12 PST 2003

Starting simulations for n0 = 80 on Tue Dec  2 20:08:18 PST 2003
Done with simulations for 80 on Tue Dec  2 20:19:11 PST 2003

Starting simulations for n0 = 82 on Tue Dec  2 20:19:17 PST 2003
Done with simulations for 82 on Tue Dec  2 20:31:15 PST 2003

Starting simulations for n0 = 84 on Tue Dec  2 20:31:21 PST 2003
Done with simulations for 84 on Tue Dec  2 20:43:55 PST 2003

Starting simulations for n0 = 86 on Tue Dec  2 20:44:01 PST 2003
Done with simulations for 86 on Tue Dec  2 20:56:01 PST 2003

Starting simulations for n0 = 88 on Tue Dec  2 20:56:07 PST 2003
Done with simulations for 88 on Tue Dec  2 21:08:52 PST 2003

Starting simulations for n0 = 90 on Tue Dec  2 21:08:52 PST 2003
Done with simulations for 90 on Tue Dec  2 21:22:09 PST 2003

Starting simulations for n0 = 92 on Tue Dec  2 21:22:15 PST 2003
Done with simulations for 92 on Tue Dec  2 21:36:59 PST 2003

Starting simulations for n0 = 94 on Tue Dec  2 21:37:05 PST 2003
Done with simulations for 94 on Tue Dec  2 21:52:24 PST 2003

Starting simulations for n0 = 96 on Tue Dec  2 21:52:30 PST 2003
Done with simulations for 96 on Tue Dec  2 22:08:37 PST 2003

Starting simulations for n0 = 98 on Tue Dec  2 22:08:37 PST 2003
Done with simulations for 98 on Tue Dec  2 22:23:41 PST 2003

Starting simulations for n0 = 100 on Tue Dec  2 22:23:47 PST 2003
Done with simulations for 100 on Tue Dec  2 22:40:45 PST 2003

Starting simulations for n0 = 102 on Tue Dec  2 22:40:51 PST 2003
Done with simulations for 102 on Tue Dec  2 22:57:34 PST 2003

Starting simulations for n0 = 104 on Tue Dec  2 22:57:40 PST 2003
Done with simulations for 104 on Tue Dec  2 23:16:03 PST 2003

Starting simulations for n0 = 106 on Tue Dec  2 23:16:09 PST 2003
Done with simulations for 106 on Tue Dec  2 23:34:59 PST 2003

Starting simulations for n0 = 108 on Tue Dec  2 23:35:05 PST 2003
Done with simulations for 108 on Tue Dec  2 23:53:55 PST 2003

Starting simulations for n0 = 110 on Tue Dec  2 23:54:01 PST 2003
Done with simulations for 110 on Wed Dec  3 00:13:34 PST 2003

Starting simulations for n0 = 112 on Wed Dec  3 00:13:40 PST 2003
Done with simulations for 112 on Wed Dec  3 00:33:03 PST 2003

Starting simulations for n0 = 114 on Wed Dec  3 00:33:09 PST 2003
Done with simulations for 114 on Wed Dec  3 00:53:39 PST 2003

Starting simulations for n0 = 116 on Wed Dec  3 00:53:44 PST 2003
Done with simulations for 116 on Wed Dec  3 01:14:32 PST 2003

Starting simulations for n0 = 118 on Wed Dec  3 01:14:38 PST 2003
Done with simulations for 118 on Wed Dec  3 01:35:59 PST 2003

Starting simulations for n0 = 120 on Wed Dec  3 01:36:04 PST 2003
Done with simulations for 120 on Wed Dec  3 01:58:28 PST 2003

Starting simulations for n0 = 122 on Wed Dec  3 01:58:34 PST 2003
Done with simulations for 122 on Wed Dec  3 02:21:27 PST 2003

Starting simulations for n0 = 124 on Wed Dec  3 02:21:33 PST 2003
Done with simulations for 124 on Wed Dec  3 02:44:29 PST 2003

Starting simulations for n0 = 126 on Wed Dec  3 02:44:35 PST 2003
Done with simulations for 126 on Wed Dec  3 03:08:45 PST 2003

Starting simulations for n0 = 128 on Wed Dec  3 03:08:45 PST 2003
Done with simulations for 128 on Wed Dec  3 03:35:26 PST 2003

Starting simulations for n0 = 130 on Wed Dec  3 03:35:32 PST 2003
Done with simulations for 130 on Wed Dec  3 04:02:45 PST 2003

Starting simulations for n0 = 132 on Wed Dec  3 04:02:51 PST 2003
Done with simulations for 132 on Wed Dec  3 04:29:26 PST 2003

Starting simulations for n0 = 134 on Wed Dec  3 04:29:31 PST 2003
Done with simulations for 134 on Wed Dec  3 04:56:55 PST 2003

Starting simulations for n0 = 136 on Wed Dec  3 04:57:01 PST 2003
Done with simulations for 136 on Wed Dec  3 05:25:21 PST 2003

Starting simulations for n0 = 138 on Wed Dec  3 05:25:27 PST 2003
Done with simulations for 138 on Wed Dec  3 05:54:20 PST 2003

Starting simulations for n0 = 140 on Wed Dec  3 05:54:26 PST 2003
Done with simulations for 140 on Wed Dec  3 06:23:36 PST 2003

Starting simulations for n0 = 142 on Wed Dec  3 06:23:42 PST 2003
Done with simulations for 142 on Wed Dec  3 06:53:10 PST 2003

Starting simulations for n0 = 144 on Wed Dec  3 06:53:16 PST 2003
Done with simulations for 144 on Wed Dec  3 07:23:09 PST 2003

Starting simulations for n0 = 146 on Wed Dec  3 07:23:15 PST 2003
Done with simulations for 146 on Wed Dec  3 07:52:58 PST 2003

Starting simulations for n0 = 148 on Wed Dec  3 07:53:04 PST 2003
Done with simulations for 148 on Wed Dec  3 08:23:40 PST 2003

Starting simulations for n0 = 150 on Wed Dec  3 08:23:46 PST 2003
Done with simulations for 150 on Wed Dec  3 08:55:31 PST 2003

Starting simulations for n0 = 152 on Wed Dec  3 08:55:37 PST 2003
Done with simulations for 152 on Wed Dec  3 09:28:19 PST 2003

Starting simulations for n0 = 154 on Wed Dec  3 09:28:25 PST 2003
Done with simulations for 154 on Wed Dec  3 10:01:35 PST 2003

Starting simulations for n0 = 156 on Wed Dec  3 10:01:38 PST 2003
Done with simulations for 156 on Wed Dec  3 10:35:18 PST 2003

Starting simulations for n0 = 158 on Wed Dec  3 10:35:24 PST 2003
Done with simulations for 158 on Wed Dec  3 11:09:31 PST 2003

Starting simulations for n0 = 160 on Wed Dec  3 11:09:31 PST 2003
Done with simulations for 160 on Wed Dec  3 11:42:52 PST 2003

Starting simulations for n0 = 162 on Wed Dec  3 11:42:58 PST 2003
Done with simulations for 162 on Wed Dec  3 12:17:29 PST 2003

Starting simulations for n0 = 164 on Wed Dec  3 12:17:35 PST 2003
Done with simulations for 164 on Wed Dec  3 12:52:57 PST 2003

Starting simulations for n0 = 166 on Wed Dec  3 12:53:02 PST 2003
Done with simulations for 166 on Wed Dec  3 13:28:45 PST 2003

Starting simulations for n0 = 168 on Wed Dec  3 13:28:52 PST 2003
Done with simulations for 168 on Wed Dec  3 14:04:56 PST 2003

Starting simulations for n0 = 170 on Wed Dec  3 14:05:02 PST 2003
Done with simulations for 170 on Wed Dec  3 14:41:29 PST 2003

Starting simulations for n0 = 172 on Wed Dec  3 14:41:35 PST 2003
Done with simulations for 172 on Wed Dec  3 15:17:45 PST 2003

Starting simulations for n0 = 174 on Wed Dec  3 15:17:51 PST 2003
Done with simulations for 174 on Wed Dec  3 15:54:39 PST 2003

Starting simulations for n0 = 176 on Wed Dec  3 15:54:45 PST 2003
Done with simulations for 176 on Wed Dec  3 16:32:27 PST 2003

Starting simulations for n0 = 178 on Wed Dec  3 16:32:33 PST 2003
Done with simulations for 178 on Wed Dec  3 17:10:31 PST 2003

Starting simulations for n0 = 180 on Wed Dec  3 17:10:37 PST 2003
Done with simulations for 180 on Wed Dec  3 17:49:13 PST 2003

Starting simulations for n0 = 182 on Wed Dec  3 17:49:19 PST 2003
Done with simulations for 182 on Wed Dec  3 18:28:20 PST 2003

Starting simulations for n0 = 184 on Wed Dec  3 18:28:26 PST 2003
Done with simulations for 184 on Wed Dec  3 19:07:52 PST 2003

Starting simulations for n0 = 186 on Wed Dec  3 19:07:58 PST 2003
Done with simulations for 186 on Wed Dec  3 19:48:00 PST 2003

Starting simulations for n0 = 188 on Wed Dec  3 19:48:06 PST 2003
Done with simulations for 188 on Wed Dec  3 20:28:31 PST 2003

Starting simulations for n0 = 190 on Wed Dec  3 20:28:37 PST 2003
Done with simulations for 190 on Wed Dec  3 21:09:30 PST 2003

Starting simulations for n0 = 192 on Wed Dec  3 21:09:30 PST 2003
Done with simulations for 192 on Wed Dec  3 21:50:42 PST 2003

Starting simulations for n0 = 194 on Wed Dec  3 21:50:48 PST 2003
Done with simulations for 194 on Wed Dec  3 22:32:22 PST 2003

Starting simulations for n0 = 196 on Wed Dec  3 22:32:28 PST 2003
Done with simulations for 196 on Wed Dec  3 23:14:31 PST 2003

Starting simulations for n0 = 198 on Wed Dec  3 23:14:31 PST 2003
Done with simulations for 198 on Wed Dec  3 23:56:48 PST 2003

Starting simulations for n0 = 200 on Wed Dec  3 23:56:54 PST 2003
Done with simulations for 200 on Thu Dec  4 00:39:35 PST 2003

Starting simulations for n0 = 202 on Thu Dec  4 00:39:35 PST 2003
Done with simulations for 202 on Thu Dec  4 01:22:35 PST 2003

Starting simulations for n0 = 204 on Thu Dec  4 01:22:41 PST 2003
Done with simulations for 204 on Thu Dec  4 02:06:10 PST 2003

Starting simulations for n0 = 206 on Thu Dec  4 02:06:16 PST 2003
Done with simulations for 206 on Thu Dec  4 02:50:07 PST 2003

Starting simulations for n0 = 208 on Thu Dec  4 02:50:13 PST 2003
Done with simulations for 208 on Thu Dec  4 03:34:23 PST 2003

Starting simulations for n0 = 210 on Thu Dec  4 03:34:29 PST 2003
Done with simulations for 210 on Thu Dec  4 04:19:24 PST 2003

Starting simulations for n0 = 212 on Thu Dec  4 04:19:30 PST 2003
Done with simulations for 212 on Thu Dec  4 05:04:43 PST 2003

Starting simulations for n0 = 214 on Thu Dec  4 05:04:48 PST 2003
Done with simulations for 214 on Thu Dec  4 05:50:27 PST 2003

Starting simulations for n0 = 216 on Thu Dec  4 05:50:33 PST 2003
Done with simulations for 216 on Thu Dec  4 06:36:29 PST 2003

Starting simulations for n0 = 218 on Thu Dec  4 06:36:35 PST 2003
Done with simulations for 218 on Thu Dec  4 07:22:59 PST 2003

Starting simulations for n0 = 220 on Thu Dec  4 07:23:05 PST 2003
Done with simulations for 220 on Thu Dec  4 08:09:35 PST 2003

Starting simulations for n0 = 222 on Thu Dec  4 08:09:35 PST 2003
Done with simulations for 222 on Thu Dec  4 08:56:52 PST 2003

Starting simulations for n0 = 224 on Thu Dec  4 08:56:58 PST 2003
Done with simulations for 224 on Thu Dec  4 09:44:33 PST 2003

Starting simulations for n0 = 226 on Thu Dec  4 09:44:39 PST 2003
Done with simulations for 226 on Thu Dec  4 10:32:39 PST 2003

Starting simulations for n0 = 228 on Thu Dec  4 10:32:45 PST 2003
Done with simulations for 228 on Thu Dec  4 11:21:11 PST 2003

Starting simulations for n0 = 230 on Thu Dec  4 11:21:17 PST 2003
Done with simulations for 230 on Thu Dec  4 12:10:04 PST 2003

Starting simulations for n0 = 232 on Thu Dec  4 12:10:10 PST 2003
Done with simulations for 232 on Thu Dec  4 12:59:25 PST 2003

Starting simulations for n0 = 234 on Thu Dec  4 12:59:31 PST 2003
Done with simulations for 234 on Thu Dec  4 13:49:05 PST 2003

Starting simulations for n0 = 236 on Thu Dec  4 13:49:11 PST 2003
Done with simulations for 236 on Thu Dec  4 14:39:19 PST 2003

Starting simulations for n0 = 238 on Thu Dec  4 14:39:19 PST 2003
Done with simulations for 238 on Thu Dec  4 15:29:57 PST 2003

Starting simulations for n0 = 240 on Thu Dec  4 15:30:03 PST 2003
Done with simulations for 240 on Thu Dec  4 16:21:00 PST 2003

Starting simulations for n0 = 242 on Thu Dec  4 16:21:06 PST 2003
Done with simulations for 242 on Thu Dec  4 17:12:24 PST 2003

Starting simulations for n0 = 244 on Thu Dec  4 17:12:30 PST 2003
Done with simulations for 244 on Thu Dec  4 18:04:05 PST 2003

Starting simulations for n0 = 246 on Thu Dec  4 18:04:11 PST 2003
Done with simulations for 246 on Thu Dec  4 18:56:16 PST 2003

Starting simulations for n0 = 248 on Thu Dec  4 18:56:22 PST 2003
Done with simulations for 248 on Thu Dec  4 19:48:47 PST 2003

Starting simulations for n0 = 250 on Thu Dec  4 19:48:52 PST 2003
Done with simulations for 250 on Thu Dec  4 20:41:53 PST 2003

Starting simulations for n0 = 252 on Thu Dec  4 20:41:59 PST 2003
Done with simulations for 252 on Thu Dec  4 21:35:20 PST 2003

Starting simulations for n0 = 254 on Thu Dec  4 21:35:26 PST 2003
Done with simulations for 254 on Thu Dec  4 22:29:16 PST 2003

Starting simulations for n0 = 256 on Thu Dec  4 22:29:22 PST 2003
Done with simulations for 256 on Thu Dec  4 23:23:42 PST 2003

Starting simulations for n0 = 258 on Thu Dec  4 23:23:48 PST 2003
Done with simulations for 258 on Fri Dec  5 00:18:30 PST 2003

Starting simulations for n0 = 260 on Fri Dec  5 00:18:36 PST 2003
Done with simulations for 260 on Fri Dec  5 01:13:50 PST 2003

Starting simulations for n0 = 262 on Fri Dec  5 01:13:56 PST 2003
Done with simulations for 262 on Fri Dec  5 02:09:34 PST 2003

Starting simulations for n0 = 264 on Fri Dec  5 02:09:34 PST 2003
Done with simulations for 264 on Fri Dec  5 03:05:36 PST 2003

Starting simulations for n0 = 266 on Fri Dec  5 03:05:42 PST 2003
Done with simulations for 266 on Fri Dec  5 04:02:09 PST 2003

Starting simulations for n0 = 268 on Fri Dec  5 04:02:15 PST 2003
Done with simulations for 268 on Fri Dec  5 04:59:00 PST 2003

Starting simulations for n0 = 270 on Fri Dec  5 04:59:06 PST 2003
Done with simulations for 270 on Fri Dec  5 05:56:33 PST 2003

Starting simulations for n0 = 272 on Fri Dec  5 05:56:39 PST 2003
Done with simulations for 272 on Fri Dec  5 06:54:28 PST 2003

Starting simulations for n0 = 274 on Fri Dec  5 06:54:33 PST 2003
Done with simulations for 274 on Fri Dec  5 07:52:47 PST 2003

Starting simulations for n0 = 276 on Fri Dec  5 07:52:53 PST 2003
Done with simulations for 276 on Fri Dec  5 08:51:18 PST 2003

Starting simulations for n0 = 278 on Fri Dec  5 08:51:24 PST 2003
Done with simulations for 278 on Fri Dec  5 09:50:21 PST 2003

Starting simulations for n0 = 280 on Fri Dec  5 09:50:27 PST 2003
Done with simulations for 280 on Fri Dec  5 10:49:46 PST 2003

Starting simulations for n0 = 282 on Fri Dec  5 10:49:52 PST 2003
Done with simulations for 282 on Fri Dec  5 11:49:36 PST 2003

Starting simulations for n0 = 284 on Fri Dec  5 11:49:42 PST 2003
Done with simulations for 284 on Fri Dec  5 12:49:45 PST 2003

Starting simulations for n0 = 286 on Fri Dec  5 12:49:51 PST 2003
Done with simulations for 286 on Fri Dec  5 13:50:35 PST 2003

Starting simulations for n0 = 288 on Fri Dec  5 13:50:41 PST 2003
Done with simulations for 288 on Fri Dec  5 14:51:43 PST 2003

Starting simulations for n0 = 290 on Fri Dec  5 14:51:48 PST 2003
Done with simulations for 290 on Fri Dec  5 15:53:26 PST 2003

Starting simulations for n0 = 292 on Fri Dec  5 15:53:26 PST 2003
Done with simulations for 292 on Fri Dec  5 16:55:00 PST 2003

Starting simulations for n0 = 294 on Fri Dec  5 16:55:06 PST 2003
Done with simulations for 294 on Fri Dec  5 17:57:20 PST 2003

Starting simulations for n0 = 296 on Fri Dec  5 17:57:26 PST 2003
Done with simulations for 296 on Fri Dec  5 18:59:55 PST 2003

Starting simulations for n0 = 298 on Fri Dec  5 19:00:01 PST 2003
Done with simulations for 298 on Fri Dec  5 20:03:11 PST 2003

Starting simulations for n0 = 300 on Fri Dec  5 20:03:19 PST 2003
Done with simulations for 300 on Fri Dec  5 21:06:43 PST 2003

Starting simulations for n0 = 302 on Fri Dec  5 21:06:49 PST 2003
Done with simulations for 302 on Fri Dec  5 22:10:35 PST 2003

Starting simulations for n0 = 304 on Fri Dec  5 22:10:41 PST 2003
Done with simulations for 304 on Fri Dec  5 23:14:50 PST 2003

Starting simulations for n0 = 306 on Fri Dec  5 23:14:56 PST 2003
Done with simulations for 306 on Sat Dec  6 00:19:43 PST 2003

Starting simulations for n0 = 308 on Sat Dec  6 00:19:49 PST 2003
Done with simulations for 308 on Sat Dec  6 01:24:54 PST 2003

Starting simulations for n0 = 310 on Sat Dec  6 01:25:00 PST 2003
Done with simulations for 310 on Sat Dec  6 02:30:29 PST 2003

Starting simulations for n0 = 312 on Sat Dec  6 02:30:35 PST 2003
Done with simulations for 312 on Sat Dec  6 03:36:18 PST 2003

Starting simulations for n0 = 314 on Sat Dec  6 03:36:24 PST 2003
Done with simulations for 314 on Sat Dec  6 04:42:47 PST 2003

Starting simulations for n0 = 316 on Sat Dec  6 04:42:47 PST 2003
Done with simulations for 316 on Sat Dec  6 05:49:29 PST 2003

Starting simulations for n0 = 318 on Sat Dec  6 05:49:35 PST 2003
Done with simulations for 318 on Sat Dec  6 06:56:41 PST 2003

Starting simulations for n0 = 320 on Sat Dec  6 06:56:47 PST 2003
Done with simulations for 320 on Sat Dec  6 08:04:25 PST 2003

Starting simulations for n0 = 322 on Sat Dec  6 08:04:31 PST 2003
Done with simulations for 322 on Sat Dec  6 09:12:33 PST 2003

Starting simulations for n0 = 324 on Sat Dec  6 09:12:39 PST 2003
Done with simulations for 324 on Sat Dec  6 10:20:54 PST 2003

Starting simulations for n0 = 326 on Sat Dec  6 10:21:00 PST 2003
Done with simulations for 326 on Sat Dec  6 11:29:40 PST 2003

Starting simulations for n0 = 328 on Sat Dec  6 11:29:48 PST 2003
Done with simulations for 328 on Sat Dec  6 12:39:05 PST 2003

Starting simulations for n0 = 330 on Sat Dec  6 12:39:05 PST 2003
Done with simulations for 330 on Sat Dec  6 13:48:33 PST 2003

Starting simulations for n0 = 332 on Sat Dec  6 13:48:39 PST 2003
Done with simulations for 332 on Sat Dec  6 14:58:26 PST 2003

Starting simulations for n0 = 334 on Sat Dec  6 14:58:32 PST 2003
Done with simulations for 334 on Sat Dec  6 16:08:40 PST 2003

Starting simulations for n0 = 336 on Sat Dec  6 16:08:40 PST 2003
Done with simulations for 336 on Sat Dec  6 17:19:23 PST 2003

Starting simulations for n0 = 338 on Sat Dec  6 17:19:29 PST 2003
Done with simulations for 338 on Sat Dec  6 18:30:27 PST 2003

Starting simulations for n0 = 340 on Sat Dec  6 18:30:33 PST 2003
Done with simulations for 340 on Sat Dec  6 19:42:11 PST 2003

Starting simulations for n0 = 342 on Sat Dec  6 19:42:17 PST 2003
Done with simulations for 342 on Sat Dec  6 20:54:18 PST 2003

Starting simulations for n0 = 344 on Sat Dec  6 20:54:24 PST 2003
Done with simulations for 344 on Sat Dec  6 22:06:48 PST 2003

Starting simulations for n0 = 346 on Sat Dec  6 22:06:54 PST 2003
Done with simulations for 346 on Sat Dec  6 23:19:45 PST 2003

Starting simulations for n0 = 348 on Sat Dec  6 23:19:51 PST 2003
Done with simulations for 348 on Sun Dec  7 00:33:01 PST 2003

Starting simulations for n0 = 350 on Sun Dec  7 00:33:07 PST 2003
Done with simulations for 350 on Sun Dec  7 01:46:30 PST 2003

Starting simulations for n0 = 352 on Sun Dec  7 01:46:36 PST 2003
Done with simulations for 352 on Sun Dec  7 03:00:39 PST 2003

Starting simulations for n0 = 354 on Sun Dec  7 03:00:45 PST 2003
Done with simulations for 354 on Sun Dec  7 04:15:09 PST 2003

Starting simulations for n0 = 356 on Sun Dec  7 04:15:15 PST 2003
Done with simulations for 356 on Sun Dec  7 05:30:03 PST 2003

Starting simulations for n0 = 358 on Sun Dec  7 05:30:09 PST 2003
Done with simulations for 358 on Sun Dec  7 06:45:12 PST 2003

Starting simulations for n0 = 360 on Sun Dec  7 06:45:18 PST 2003
Done with simulations for 360 on Sun Dec  7 08:00:53 PST 2003

Starting simulations for n0 = 362 on Sun Dec  7 08:00:53 PST 2003
Done with simulations for 362 on Sun Dec  7 09:16:57 PST 2003

Starting simulations for n0 = 364 on Sun Dec  7 09:17:03 PST 2003
Done with simulations for 364 on Sun Dec  7 10:33:33 PST 2003

Starting simulations for n0 = 366 on Sun Dec  7 10:33:39 PST 2003
Done with simulations for 366 on Sun Dec  7 11:50:27 PST 2003

Starting simulations for n0 = 368 on Sun Dec  7 11:50:33 PST 2003
Done with simulations for 368 on Sun Dec  7 13:07:45 PST 2003

Starting simulations for n0 = 370 on Sun Dec  7 13:07:51 PST 2003
Done with simulations for 370 on Sun Dec  7 14:25:38 PST 2003

Starting simulations for n0 = 372 on Sun Dec  7 14:25:43 PST 2003
Done with simulations for 372 on Sun Dec  7 15:43:46 PST 2003

Starting simulations for n0 = 374 on Sun Dec  7 15:43:52 PST 2003
Done with simulations for 374 on Sun Dec  7 17:02:16 PST 2003

Starting simulations for n0 = 376 on Sun Dec  7 17:02:22 PST 2003
Done with simulations for 376 on Sun Dec  7 18:21:06 PST 2003

Starting simulations for n0 = 378 on Sun Dec  7 18:21:11 PST 2003
Done with simulations for 378 on Sun Dec  7 19:40:19 PST 2003

Starting simulations for n0 = 380 on Sun Dec  7 19:40:24 PST 2003
Done with simulations for 380 on Sun Dec  7 20:59:47 PST 2003

Starting simulations for n0 = 382 on Sun Dec  7 20:59:53 PST 2003
Done with simulations for 382 on Sun Dec  7 22:19:35 PST 2003

Starting simulations for n0 = 384 on Sun Dec  7 22:19:41 PST 2003
Done with simulations for 384 on Sun Dec  7 23:40:14 PST 2003

Starting simulations for n0 = 386 on Sun Dec  7 23:40:20 PST 2003
Done with simulations for 386 on Mon Dec  8 01:01:28 PST 2003

Starting simulations for n0 = 388 on Mon Dec  8 01:01:28 PST 2003
Done with simulations for 388 on Mon Dec  8 02:22:52 PST 2003

Starting simulations for n0 = 390 on Mon Dec  8 02:22:58 PST 2003
Done with simulations for 390 on Mon Dec  8 03:45:04 PST 2003

Starting simulations for n0 = 392 on Mon Dec  8 03:45:10 PST 2003
Done with simulations for 392 on Mon Dec  8 05:07:30 PST 2003

Starting simulations for n0 = 394 on Mon Dec  8 05:07:35 PST 2003
Done with simulations for 394 on Mon Dec  8 06:30:18 PST 2003

Starting simulations for n0 = 396 on Mon Dec  8 06:30:24 PST 2003
Done with simulations for 396 on Mon Dec  8 07:53:43 PST 2003

Starting simulations for n0 = 398 on Mon Dec  8 07:53:49 PST 2003
Done with simulations for 398 on Mon Dec  8 09:17:23 PST 2003

Starting simulations for n0 = 400 on Mon Dec  8 09:17:29 PST 2003
Done with simulations for 400 on Mon Dec  8 10:41:32 PST 2003

Starting simulations for n0 = 492 on Wed Aug 22 14:08:14 PDT 2007
Starting simulations for n0 = 492 on Wed Aug 22 14:12:19 PDT 2007
Done with simulations for 492 on Wed Aug 22 14:49:26 PDT 2007

Starting simulations for n0 = 498 on Wed Aug 22 14:49:26 PDT 2007
Done with simulations for 498 on Wed Aug 22 15:28:35 PDT 2007

Starting simulations for n0 = 500 on Wed Aug 22 15:28:35 PDT 2007
Done with simulations for 500 on Wed Aug 22 16:07:33 PDT 2007

